{
  "stats": {
    "suites": 1,
    "tests": 1,
    "passes": 1,
    "pending": 0,
    "failures": 0,
    "start": "2023-11-07T13:09:16.914Z",
    "end": "2023-11-07T13:09:19.966Z",
    "duration": 3052,
    "testsRegistered": 1,
    "passPercent": 100,
    "pendingPercent": 0,
    "other": 0,
    "hasOther": false,
    "skipped": 0,
    "hasSkipped": false
  },
  "results": [
    {
      "uuid": "51dc37c8-8515-416c-8625-dcc2b7e00d7b",
      "title": "",
      "fullFile": "cypress\\e2e\\1-getting-started\\note.cy.js",
      "file": "cypress\\e2e\\1-getting-started\\note.cy.js",
      "beforeHooks": [],
      "afterHooks": [],
      "tests": [],
      "suites": [
        {
          "uuid": "44a1581b-cd33-4228-ae2a-5bf0758b3041",
          "title": "Suite de tests A",
          "fullFile": "",
          "file": "",
          "beforeHooks": [],
          "afterHooks": [],
          "tests": [
            {
              "title": "Cas de test 1",
              "fullTitle": "Suite de tests A Cas de test 1",
              "timedOut": null,
              "duration": 1415,
              "state": "passed",
              "speed": "fast",
              "pass": true,
              "fail": false,
              "pending": false,
              "context": null,
              "code": "cy.intercept('**/entries', {\n  body: {\n    \"Items\": [{\n      \"cat\": \"phone\",\n      \"desc\": \"The Samsung Galaxy S6 is powered by 1.5GHz octa-core Samsung Exynos 7420\\n processor and it comes with 3GB of RAM. The phone packs 32GB of \\ninternal storage cannot be expanded. \",\n      \"id\": 1,\n      \"img\": \"imgs/galaxy_s6.jpg\",\n      \"price\": 3600,\n      \"title\": \"Samsung galaxy s6\"\n    }],\n    \"LastEvaluatedKey\": {\n      \"id\": \"1\"\n    }\n  }\n}).as('getProducts');\ncy.intercept('/bycat', {\n  body: {\n    \"Items\": [{\n      \"cat\": \"phone\",\n      \"desc\": \"This is a laptop oui oui. \",\n      \"id\": 1,\n      \"img\": \"imgs/galaxy_s6.jpg\",\n      \"price\": 3600,\n      \"title\": \"Samsung galaxy s6\"\n    }]\n  }\n}).as('catFilter');\ncy.visit('https://www.demoblaze.com/');\ncy.wait('@getProducts');\ncy.contains('Laptops').click();",
              "err": {},
              "uuid": "62689379-791b-4d23-80cd-48d2604488ef",
              "parentUUID": "44a1581b-cd33-4228-ae2a-5bf0758b3041",
              "isHook": false,
              "skipped": false
            }
          ],
          "suites": [],
          "passes": [
            "62689379-791b-4d23-80cd-48d2604488ef"
          ],
          "failures": [],
          "pending": [],
          "skipped": [],
          "duration": 1415,
          "root": false,
          "rootEmpty": false,
          "_timeout": 2000
        }
      ],
      "passes": [],
      "failures": [],
      "pending": [],
      "skipped": [],
      "duration": 0,
      "root": true,
      "rootEmpty": true,
      "_timeout": 2000
    }
  ],
  "meta": {
    "mocha": {
      "version": "7.0.1"
    },
    "mochawesome": {
      "options": {
        "quiet": false,
        "reportFilename": "mochawesome",
        "saveHtml": false,
        "saveJson": true,
        "consoleReporter": "spec",
        "useInlineDiffs": false,
        "code": true
      },
      "version": "7.1.3"
    },
    "marge": {
      "options": {
        "overwrite": false,
        "html": false,
        "json": true,
        "reportDir": "cypress\\reports\\html\\.jsons"
      },
      "version": "6.2.0"
    }
  }
}