{
  "stats": {
    "suites": 2,
    "tests": 4,
    "passes": 4,
    "pending": 0,
    "failures": 0,
    "start": "2023-11-07T13:09:15.505Z",
    "end": "2023-11-07T13:09:15.600Z",
    "duration": 95,
    "testsRegistered": 4,
    "passPercent": 100,
    "pendingPercent": 0,
    "other": 0,
    "hasOther": false,
    "skipped": 0,
    "hasSkipped": false
  },
  "results": [
    {
      "uuid": "3a26ac1c-8611-4fc6-8f00-4ec6c0e572b1",
      "title": "",
      "fullFile": "cypress\\e2e\\1-getting-started\\demo.cy.js",
      "file": "cypress\\e2e\\1-getting-started\\demo.cy.js",
      "beforeHooks": [],
      "afterHooks": [],
      "tests": [],
      "suites": [
        {
          "uuid": "92aad257-189f-4fe5-911f-b39914248960",
          "title": "Suite de tests",
          "fullFile": "",
          "file": "",
          "beforeHooks": [],
          "afterHooks": [],
          "tests": [
            {
              "title": "Cas de test",
              "fullTitle": "Suite de tests Cas de test",
              "timedOut": null,
              "duration": 14,
              "state": "passed",
              "speed": "fast",
              "pass": true,
              "fail": false,
              "pending": false,
              "context": null,
              "code": "",
              "err": {},
              "uuid": "b733323c-9062-4db0-b356-c3573c07c80f",
              "parentUUID": "92aad257-189f-4fe5-911f-b39914248960",
              "isHook": false,
              "skipped": false
            },
            {
              "title": "Cas de test",
              "fullTitle": "Suite de tests Cas de test",
              "timedOut": null,
              "duration": 10,
              "state": "passed",
              "speed": "fast",
              "pass": true,
              "fail": false,
              "pending": false,
              "context": null,
              "code": "",
              "err": {},
              "uuid": "f5b74644-8f60-411c-a7d9-55e6b14a67c7",
              "parentUUID": "92aad257-189f-4fe5-911f-b39914248960",
              "isHook": false,
              "skipped": false
            }
          ],
          "suites": [],
          "passes": [
            "b733323c-9062-4db0-b356-c3573c07c80f",
            "f5b74644-8f60-411c-a7d9-55e6b14a67c7"
          ],
          "failures": [],
          "pending": [],
          "skipped": [],
          "duration": 24,
          "root": false,
          "rootEmpty": false,
          "_timeout": 2000
        },
        {
          "uuid": "2a3b901f-6e6c-40fc-a385-7e4987fd36b2",
          "title": "Suite de tests",
          "fullFile": "",
          "file": "",
          "beforeHooks": [],
          "afterHooks": [],
          "tests": [
            {
              "title": "Cas de test",
              "fullTitle": "Suite de tests Cas de test",
              "timedOut": null,
              "duration": 7,
              "state": "passed",
              "speed": "fast",
              "pass": true,
              "fail": false,
              "pending": false,
              "context": null,
              "code": "",
              "err": {},
              "uuid": "d7163b33-759b-4256-98f1-edeb13f5ec90",
              "parentUUID": "2a3b901f-6e6c-40fc-a385-7e4987fd36b2",
              "isHook": false,
              "skipped": false
            },
            {
              "title": "Cas de test",
              "fullTitle": "Suite de tests Cas de test",
              "timedOut": null,
              "duration": 7,
              "state": "passed",
              "speed": "fast",
              "pass": true,
              "fail": false,
              "pending": false,
              "context": null,
              "code": "",
              "err": {},
              "uuid": "231d7b73-2ee9-4e46-86ab-4617bd201048",
              "parentUUID": "2a3b901f-6e6c-40fc-a385-7e4987fd36b2",
              "isHook": false,
              "skipped": false
            }
          ],
          "suites": [],
          "passes": [
            "d7163b33-759b-4256-98f1-edeb13f5ec90",
            "231d7b73-2ee9-4e46-86ab-4617bd201048"
          ],
          "failures": [],
          "pending": [],
          "skipped": [],
          "duration": 14,
          "root": false,
          "rootEmpty": false,
          "_timeout": 2000
        }
      ],
      "passes": [],
      "failures": [],
      "pending": [],
      "skipped": [],
      "duration": 0,
      "root": true,
      "rootEmpty": true,
      "_timeout": 2000
    }
  ],
  "meta": {
    "mocha": {
      "version": "7.0.1"
    },
    "mochawesome": {
      "options": {
        "quiet": false,
        "reportFilename": "mochawesome",
        "saveHtml": false,
        "saveJson": true,
        "consoleReporter": "spec",
        "useInlineDiffs": false,
        "code": true
      },
      "version": "7.1.3"
    },
    "marge": {
      "options": {
        "overwrite": false,
        "html": false,
        "json": true,
        "reportDir": "cypress\\reports\\html\\.jsons"
      },
      "version": "6.2.0"
    }
  }
}